app/build/outputs/logs/manifest-merger-debug-report.txt
-- Merging decision tree log ---
manifest
ADDED from src\main\AndroidManifest.xml:2:1-32:12
	package
		ADDED from src\main\AndroidManifest.xml:3:5-44
		INJECTED from src\main\AndroidManifest.xml
		INJECTED from src\main\AndroidManifest.xml
	android:versionName
		INJECTED from src\main\AndroidManifest.xml
		INJECTED from src\main\AndroidManifest.xml
	xmlns:android
		ADDED from src\main\AndroidManifest.xml:2:11-69
	android:versionCode
		INJECTED from src\main\AndroidManifest.xml
		INJECTED from src\main\AndroidManifest.xml
uses-permission#android.permission.INTERNET
ADDED from src\main\AndroidManifest.xml:5:5-67
MERGED from [com.amitshekhar.android:debug-db:1.0.0] AndroidManifest.xml:29:5-67
	android:name
		ADDED from src\main\AndroidManifest.xml:5:22-64
uses-permission#android.permission.READ_EXTERNAL_STORAGE
ADDED from src\main\AndroidManifest.xml:6:5-79
	android:name
		ADDED from src\main\AndroidManifest.xml:6:22-77
uses-permission#android.permission.WRITE_EXTERNAL_STORAGE
ADDED from src\main\AndroidManifest.xml:7:5-80
	android:name
		ADDED from src\main\AndroidManifest.xml:7:22-78
application
ADDED from src\main\AndroidManifest.xml:10:5-30:19
MERGED from [com.android.support.constraint:constraint-layout:1.0.2] AndroidManifest.xml:9:5-20
MERGED from [com.android.support:cardview-v7:24.1.1] AndroidManifest.xml:22:5-20
MERGED from [com.android.support:design:24.1.1] AndroidManifest.xml:22:5-20
MERGED from [com.android.support:appcompat-v7:24.1.1] AndroidManifest.xml:25:5-20
MERGED from [com.android.support:animated-vector-drawable:24.1.1] AndroidManifest.xml:22:5-20
MERGED from [com.android.support:support-vector-drawable:24.1.1] AndroidManifest.xml:23:5-20
MERGED from [com.android.support:support-v4:24.1.1] AndroidManifest.xml:25:5-20
MERGED from [com.amitshekhar.android:debug-db:1.0.0] AndroidManifest.xml:32:5-38:19
	android:label
		ADDED from src\main\AndroidManifest.xml:13:9-41
	android:supportsRtl
		ADDED from src\main\AndroidManifest.xml:14:9-35
	android:allowBackup
		ADDED from src\main\AndroidManifest.xml:11:9-35
	android:icon
		ADDED from src\main\AndroidManifest.xml:12:9-67
	android:theme
		ADDED from src\main\AndroidManifest.xml:15:9-40
activity#masi.henallux.be.listecourses.ShopListActivity
ADDED from src\main\AndroidManifest.xml:16:9-22:20
	android:name
		ADDED from src\main\AndroidManifest.xml:16:19-51
intent-filter#android.intent.action.MAIN+android.intent.category.LAUNCHER
ADDED from src\main\AndroidManifest.xml:17:13-21:29
action#android.intent.action.MAIN
ADDED from src\main\AndroidManifest.xml:18:17-69
	android:name
		ADDED from src\main\AndroidManifest.xml:18:25-66
category#android.intent.category.LAUNCHER
ADDED from src\main\AndroidManifest.xml:20:17-77
	android:name
		ADDED from src\main\AndroidManifest.xml:20:27-74
meta-data#com.google.android.geo.API_KEY
ADDED from src\main\AndroidManifest.xml:24:9-26:71
	android:value
		ADDED from src\main\AndroidManifest.xml:26:13-68
	android:name
		ADDED from src\main\AndroidManifest.xml:25:13-58
activity#masi.henallux.be.listecourses.ItemListActivity
ADDED from src\main\AndroidManifest.xml:29:9-63
	android:name
		ADDED from src\main\AndroidManifest.xml:29:19-51
uses-sdk
INJECTED from src\main\AndroidManifest.xml reason: use-sdk injection requested
MERGED from [com.android.support.constraint:constraint-layout:1.0.2] AndroidManifest.xml:5:5-7:41
MERGED from [com.android.support:cardview-v7:24.1.1] AndroidManifest.xml:20:5-43
MERGED from [com.android.support:design:24.1.1] AndroidManifest.xml:20:5-43
MERGED from [com.android.support:recyclerview-v7:24.1.1] AndroidManifest.xml:20:5-43
MERGED from [com.android.support:appcompat-v7:24.1.1] AndroidManifest.xml:21:5-23:78
MERGED from [com.android.support:animated-vector-drawable:24.1.1] AndroidManifest.xml:20:5-44
MERGED from [com.android.support:support-vector-drawable:24.1.1] AndroidManifest.xml:21:5-43
MERGED from [com.android.support:support-v4:24.1.1] AndroidManifest.xml:21:5-23:54
MERGED from [com.amitshekhar.android:debug-db:1.0.0] AndroidManifest.xml:25:5-27:41
	tools:overrideLibrary
		ADDED from [com.android.support:appcompat-v7:24.1.1] AndroidManifest.xml:23:9-75
	android:targetSdkVersion
		INJECTED from src\main\AndroidManifest.xml
		INJECTED from src\main\AndroidManifest.xml
	android:minSdkVersion
		INJECTED from src\main\AndroidManifest.xml
		INJECTED from src\main\AndroidManifest.xml
uses-permission#android.permission.ACCESS_WIFI_STATE
ADDED from [com.amitshekhar.android:debug-db:1.0.0] AndroidManifest.xml:30:5-76
	android:name
		ADDED from [com.amitshekhar.android:debug-db:1.0.0] AndroidManifest.xml:30:22-73
provider#com.amitshekhar.DebugDBInitProvider
ADDED from [com.amitshekhar.android:debug-db:1.0.0] AndroidManifest.xml:33:9-37:40
	android:authorities
		ADDED from [com.amitshekhar.android:debug-db:1.0.0] AndroidManifest.xml:35:13-71
	android:enabled
		ADDED from [com.amitshekhar.android:debug-db:1.0.0] AndroidManifest.xml:36:13-35
	android:exported
		ADDED from [com.amitshekhar.android:debug-db:1.0.0] AndroidManifest.xml:37:13-37
	android:name
		ADDED from [com.amitshekhar.android:debug-db:1.0.0] AndroidManifest.xml:34:13-63